<?xml version="1.0" encoding="UTF-8"?>
<!-- Generated by org.testng.reporters.JUnitReportReporter -->
<testsuite hostname="DESKTOP-HMSSTKG" failures="0" tests="1" name="Request_chainning.request_cycle" time="7.027" errors="0" timestamp="2022-08-10T13:13:51 IST" skipped="0">
  <testcase classname="Request_chainning.request_cycle" name="request_cycle" time="7.027"/>
  <system-out/>
</testsuite> <!-- Request_chainning.request_cycle -->
