<?xml version="1.0" encoding="UTF-8"?>
<!-- Generated by org.testng.reporters.JUnitReportReporter -->
<testsuite hostname="DESKTOP-HMSSTKG" failures="0" tests="1" name="BasicCrudOperation.GetAllProjects" time="1.733" errors="0" timestamp="2022-08-08T11:53:00 IST" skipped="0">
  <testcase classname="BasicCrudOperation.GetAllProjects" name="Getallprojects" time="1.733"/>
  <system-out/>
</testsuite> <!-- BasicCrudOperation.GetAllProjects -->
