<?xml version="1.0" encoding="UTF-8"?>
<!-- Generated by org.testng.reporters.JUnitReportReporter -->
<testsuite hostname="DESKTOP-HMSSTKG" failures="0" tests="1" name="sealizationAndDesrilizationWithARRAY.Searlization" time="0.186" errors="0" timestamp="2022-07-28T21:04:36 IST" skipped="0">
  <testcase classname="sealizationAndDesrilizationWithARRAY.Searlization" name="serialization" time="0.186"/>
  <system-out/>
</testsuite> <!-- sealizationAndDesrilizationWithARRAY.Searlization -->
