<?xml version="1.0" encoding="UTF-8"?>
<!-- Generated by org.testng.reporters.JUnitReportReporter -->
<testsuite hostname="DESKTOP-HMSSTKG" failures="0" tests="1" name="BasicCrudOperation.RMG_API_Authentication" time="2.015" errors="0" timestamp="2022-08-08T12:19:56 IST" skipped="0">
  <testcase classname="BasicCrudOperation.RMG_API_Authentication" name="RmgApiAuthentication" time="2.015"/>
  <system-out/>
</testsuite> <!-- BasicCrudOperation.RMG_API_Authentication -->
