<?xml version="1.0" encoding="UTF-8"?>
<!-- Generated by org.testng.reporters.JUnitReportReporter -->
<testsuite hostname="DESKTOP-HMSSTKG" failures="0" tests="1" name="parameter.Form_parmeter" time="1.974" errors="0" timestamp="2022-08-10T12:25:07 IST" skipped="0">
  <testcase classname="parameter.Form_parmeter" name="form_parameter" time="1.974"/>
  <system-out/>
</testsuite> <!-- parameter.Form_parmeter -->
