<?xml version="1.0" encoding="UTF-8"?>
<!-- Generated by org.testng.reporters.JUnitReportReporter -->
<testsuite hostname="DESKTOP-HMSSTKG" failures="0" tests="1" name="BasicCrudOperation.UpadateProject" time="1.982" errors="0" timestamp="2022-08-09T12:54:54 IST" skipped="0">
  <testcase classname="BasicCrudOperation.UpadateProject" name="updateProject" time="1.982"/>
  <system-out/>
</testsuite> <!-- BasicCrudOperation.UpadateProject -->
