<?xml version="1.0" encoding="UTF-8"?>
<!-- Generated by org.testng.reporters.JUnitReportReporter -->
<testsuite hostname="DESKTOP-HMSSTKG" failures="0" tests="1" name="BasicCrudOperation.CreateNewEmployee" time="1.984" errors="0" timestamp="2022-08-09T13:21:48 IST" skipped="0">
  <testcase classname="BasicCrudOperation.CreateNewEmployee" name="createNewEmployee" time="1.984"/>
  <system-out/>
</testsuite> <!-- BasicCrudOperation.CreateNewEmployee -->
