<?xml version="1.0" encoding="UTF-8"?>
<!-- Generated by org.testng.reporters.JUnitReportReporter -->
<testsuite hostname="DESKTOP-HMSSTKG" failures="0" tests="1" name="Different_WaysTO_Post.FileParameter" time="1.893" errors="0" timestamp="2022-08-09T15:33:04 IST" skipped="0">
  <testcase classname="Different_WaysTO_Post.FileParameter" name="fileparameter" time="1.893"/>
  <system-out/>
</testsuite> <!-- Different_WaysTO_Post.FileParameter -->
