<?xml version="1.0" encoding="UTF-8"?>
<!-- Generated by org.testng.reporters.JUnitReportReporter -->
<testsuite hostname="DESKTOP-HMSSTKG" failures="0" tests="1" name="Validate_Rsponce.Dynamic" time="5.707" errors="0" timestamp="2022-08-09T21:56:46 IST" skipped="0">
  <testcase classname="Validate_Rsponce.Dynamic" name="DynamicResponse" time="5.707"/>
  <system-out/>
</testsuite> <!-- Validate_Rsponce.Dynamic -->
