<?xml version="1.0" encoding="UTF-8"?>
<!-- Generated by org.testng.reporters.JUnitReportReporter -->
<testsuite hostname="DESKTOP-HMSSTKG" failures="0" tests="2" name="DataDriven_Testing.DataProvider" time="5.040" errors="0" timestamp="2022-08-10T10:25:26 IST" skipped="0">
  <testcase classname="DataDriven_Testing.DataProvider" name="DataProvider" time="0.649"/>
  <system-out/>
  <testcase classname="DataDriven_Testing.DataProvider" name="DataProvider" time="4.391"/>
  <system-out/>
</testsuite> <!-- DataDriven_Testing.DataProvider -->
