<?xml version="1.0" encoding="UTF-8"?>
<!-- Generated by org.testng.reporters.JUnitReportReporter -->
<testsuite hostname="DESKTOP-HMSSTKG" failures="0" tests="1" name="BasicCrudOperation.CreateProjectTest" time="2.011" errors="0" timestamp="2022-08-09T13:20:32 IST" skipped="0">
  <testcase classname="BasicCrudOperation.CreateProjectTest" name="createProject" time="2.011"/>
  <system-out/>
</testsuite> <!-- BasicCrudOperation.CreateProjectTest -->
