<?xml version="1.0" encoding="UTF-8"?>
<!-- Generated by org.testng.reporters.JUnitReportReporter -->
<testsuite hostname="DESKTOP-HMSSTKG" failures="0" tests="1" name="BasicCrudOperation.GetALLProjects1" time="1.943" errors="0" timestamp="2022-08-08T17:42:19 IST" skipped="0">
  <testcase classname="BasicCrudOperation.GetALLProjects1" name="get" time="1.943"/>
  <system-out/>
</testsuite> <!-- BasicCrudOperation.GetALLProjects1 -->
