<?xml version="1.0" encoding="UTF-8"?>
<!-- Generated by org.testng.reporters.JUnitReportReporter -->
<testsuite hostname="DESKTOP-HMSSTKG" failures="0" tests="1" name="Validate_Rsponce.Static_Response" time="5.492" errors="0" timestamp="2022-08-09T20:11:27 IST" skipped="0">
  <testcase classname="Validate_Rsponce.Static_Response" name="staticResponse" time="5.492"/>
  <system-out/>
</testsuite> <!-- Validate_Rsponce.Static_Response -->
