<?xml version="1.0" encoding="UTF-8"?>
<!-- Generated by org.testng.reporters.JUnitReportReporter -->
<testsuite hostname="DESKTOP-HMSSTKG" failures="0" tests="1" name="Different_WaysTO_Post.Json_Object" time="1.975" errors="0" timestamp="2022-08-09T13:24:30 IST" skipped="0">
  <testcase classname="Different_WaysTO_Post.Json_Object" name="jsonobject" time="1.975"/>
  <system-out/>
</testsuite> <!-- Different_WaysTO_Post.Json_Object -->
