<?xml version="1.0" encoding="UTF-8"?>
<!-- Generated by org.testng.reporters.JUnitReportReporter -->
<testsuite hostname="DESKTOP-HMSSTKG" failures="0" tests="1" name="withObjectAndArray.searilization" time="0.290" errors="0" timestamp="2022-07-28T21:15:21 IST" skipped="0">
  <testcase classname="withObjectAndArray.searilization" name="searlization" time="0.290"/>
  <system-out/>
</testsuite> <!-- withObjectAndArray.searilization -->
