<?xml version="1.0" encoding="UTF-8"?>
<!-- Generated by org.testng.reporters.JUnitReportReporter -->
<testsuite hostname="DESKTOP-HMSSTKG" failures="0" tests="1" name="BasicCrudOperation.LoginRMGYantrawithoutAuthentication" time="1.805" errors="0" timestamp="2022-08-08T12:29:31 IST" skipped="0">
  <testcase classname="BasicCrudOperation.LoginRMGYantrawithoutAuthentication" name="LoginRmgwithoutAuthentication" time="1.805"/>
  <system-out/>
</testsuite> <!-- BasicCrudOperation.LoginRMGYantrawithoutAuthentication -->
