<?xml version="1.0" encoding="UTF-8"?>
<!-- Generated by org.testng.reporters.JUnitReportReporter -->
<testsuite hostname="DESKTOP-HMSSTKG" failures="0" tests="1" name="sealizationAndDesrilizationWithARRAY.Deserilization" time="0.191" errors="0" timestamp="2022-07-28T21:06:43 IST" skipped="0">
  <testcase classname="sealizationAndDesrilizationWithARRAY.Deserilization" name="deserilization" time="0.191"/>
  <system-out/>
</testsuite> <!-- sealizationAndDesrilizationWithARRAY.Deserilization -->
