<?xml version="1.0" encoding="UTF-8"?>
<!-- Generated by org.testng.reporters.JUnitReportReporter -->
<testsuite hostname="DESKTOP-HMSSTKG" failures="0" tests="1" name="parameter.path_parameter" time="3.119" errors="0" timestamp="2022-08-10T12:05:54 IST" skipped="0">
  <testcase classname="parameter.path_parameter" name="pathparameter" time="3.119"/>
  <system-out/>
</testsuite> <!-- parameter.path_parameter -->
