<?xml version="1.0" encoding="UTF-8"?>
<!-- Generated by org.testng.reporters.JUnitReportReporter -->
<testsuite hostname="DESKTOP-HMSSTKG" failures="0" tests="1" name="BasicCrudOperation.CreateProjectTest1" time="2.323" errors="0" timestamp="2022-08-08T17:07:11 IST" skipped="0">
  <testcase classname="BasicCrudOperation.CreateProjectTest1" name="CreatetheProject" time="2.323"/>
  <system-out/>
</testsuite> <!-- BasicCrudOperation.CreateProjectTest1 -->
