<?xml version="1.0" encoding="UTF-8"?>
<!-- Generated by org.testng.reporters.JUnitReportReporter -->
<testsuite hostname="DESKTOP-HMSSTKG" failures="0" tests="1" name="SerializationAndDeserilization.Deserilization" time="0.168" errors="0" timestamp="2022-07-28T21:21:43 IST" skipped="0">
  <testcase classname="SerializationAndDeserilization.Deserilization" name="deserilization" time="0.168"/>
  <system-out/>
</testsuite> <!-- SerializationAndDeserilization.Deserilization -->
