<?xml version="1.0" encoding="UTF-8"?>
<!-- Generated by org.testng.reporters.JUnitReportReporter -->
<testsuite hostname="DESKTOP-HMSSTKG" failures="0" tests="1" name="parameter.Querry_parameter" time="2.576" errors="0" timestamp="2022-08-10T12:16:26 IST" skipped="0">
  <testcase classname="parameter.Querry_parameter" name="queryparameter" time="2.576"/>
  <system-out/>
</testsuite> <!-- parameter.Querry_parameter -->
