<?xml version="1.0" encoding="UTF-8"?>
<!-- Generated by org.testng.reporters.JUnitReportReporter -->
<testsuite hostname="DESKTOP-HMSSTKG" failures="0" tests="1" name="SerializationAndDeserilization.serilazationEmployeDeatails" time="0.194" errors="0" timestamp="2022-07-28T21:02:32 IST" skipped="0">
  <testcase classname="SerializationAndDeserilization.serilazationEmployeDeatails" name="serilization" time="0.194"/>
  <system-out/>
</testsuite> <!-- SerializationAndDeserilization.serilazationEmployeDeatails -->
