<?xml version="1.0" encoding="UTF-8"?>
<!-- Generated by org.testng.reporters.JUnitReportReporter -->
<testsuite hostname="DESKTOP-HMSSTKG" failures="0" tests="1" name="BasicCrudOperation.CreatetheProject" time="1.960" errors="0" timestamp="2022-08-09T13:24:09 IST" skipped="0">
  <testcase classname="BasicCrudOperation.CreatetheProject" name="CreatetheProject" time="1.960"/>
  <system-out/>
</testsuite> <!-- BasicCrudOperation.CreatetheProject -->
